The system is: Darwin - 16.4.0 - x86_64
Compiling the C compiler identification source file "CMakeCCompilerId.c" succeeded.
Compiler: /Applications/Xcode.app/Contents/Developer/Toolchains/XcodeDefault.xctoolchain/usr/bin/cc 
Build flags: 
Id flags: 

The output was:
0


Compilation of the C compiler identification source "CMakeCCompilerId.c" produced "a.out"

The C compiler identification is AppleClang, found in "/Users/charlesfoxw/Documents/ClionProjects/Project_2/fltk-1.3.4-1/build/CMakeFiles/3.7.2/CompilerIdC/a.out"

Compiling the CXX compiler identification source file "CMakeCXXCompilerId.cpp" succeeded.
Compiler: /Applications/Xcode.app/Contents/Developer/Toolchains/XcodeDefault.xctoolchain/usr/bin/c++ 
Build flags: 
Id flags: 

The output was:
0


Compilation of the CXX compiler identification source "CMakeCXXCompilerId.cpp" produced "a.out"

The CXX compiler identification is AppleClang, found in "/Users/charlesfoxw/Documents/ClionProjects/Project_2/fltk-1.3.4-1/build/CMakeFiles/3.7.2/CompilerIdCXX/a.out"

Determining if the C compiler works passed with the following output:
Change Dir: /Users/charlesfoxw/Documents/ClionProjects/Project_2/fltk-1.3.4-1/build/CMakeFiles/CMakeTmp

Run Build Command:"/usr/bin/make" "cmTC_649c7/fast"
/Applications/Xcode.app/Contents/Developer/usr/bin/make -f CMakeFiles/cmTC_649c7.dir/build.make CMakeFiles/cmTC_649c7.dir/build
Building C object CMakeFiles/cmTC_649c7.dir/testCCompiler.c.o
/Applications/Xcode.app/Contents/Developer/Toolchains/XcodeDefault.xctoolchain/usr/bin/cc    -isysroot /Applications/Xcode.app/Contents/Developer/Platforms/MacOSX.platform/Developer/SDKs/MacOSX10.12.sdk   -o CMakeFiles/cmTC_649c7.dir/testCCompiler.c.o   -c /Users/charlesfoxw/Documents/ClionProjects/Project_2/fltk-1.3.4-1/build/CMakeFiles/CMakeTmp/testCCompiler.c
Linking C executable cmTC_649c7
/usr/local/Cellar/cmake/3.7.2/bin/cmake -E cmake_link_script CMakeFiles/cmTC_649c7.dir/link.txt --verbose=1
/Applications/Xcode.app/Contents/Developer/Toolchains/XcodeDefault.xctoolchain/usr/bin/cc    -isysroot /Applications/Xcode.app/Contents/Developer/Platforms/MacOSX.platform/Developer/SDKs/MacOSX10.12.sdk -Wl,-search_paths_first -Wl,-headerpad_max_install_names   CMakeFiles/cmTC_649c7.dir/testCCompiler.c.o  -o cmTC_649c7  


Detecting C compiler ABI info compiled with the following output:
Change Dir: /Users/charlesfoxw/Documents/ClionProjects/Project_2/fltk-1.3.4-1/build/CMakeFiles/CMakeTmp

Run Build Command:"/usr/bin/make" "cmTC_43e23/fast"
/Applications/Xcode.app/Contents/Developer/usr/bin/make -f CMakeFiles/cmTC_43e23.dir/build.make CMakeFiles/cmTC_43e23.dir/build
Building C object CMakeFiles/cmTC_43e23.dir/CMakeCCompilerABI.c.o
/Applications/Xcode.app/Contents/Developer/Toolchains/XcodeDefault.xctoolchain/usr/bin/cc    -isysroot /Applications/Xcode.app/Contents/Developer/Platforms/MacOSX.platform/Developer/SDKs/MacOSX10.12.sdk   -o CMakeFiles/cmTC_43e23.dir/CMakeCCompilerABI.c.o   -c /usr/local/Cellar/cmake/3.7.2/share/cmake/Modules/CMakeCCompilerABI.c
Linking C executable cmTC_43e23
/usr/local/Cellar/cmake/3.7.2/bin/cmake -E cmake_link_script CMakeFiles/cmTC_43e23.dir/link.txt --verbose=1
/Applications/Xcode.app/Contents/Developer/Toolchains/XcodeDefault.xctoolchain/usr/bin/cc    -isysroot /Applications/Xcode.app/Contents/Developer/Platforms/MacOSX.platform/Developer/SDKs/MacOSX10.12.sdk -Wl,-search_paths_first -Wl,-headerpad_max_install_names  -v -Wl,-v CMakeFiles/cmTC_43e23.dir/CMakeCCompilerABI.c.o  -o cmTC_43e23   
Apple LLVM version 8.0.0 (clang-800.0.42.1)
Target: x86_64-apple-darwin16.4.0
Thread model: posix
InstalledDir: /Applications/Xcode.app/Contents/Developer/Toolchains/XcodeDefault.xctoolchain/usr/bin
 "/Applications/Xcode.app/Contents/Developer/Toolchains/XcodeDefault.xctoolchain/usr/bin/ld" -demangle -dynamic -arch x86_64 -macosx_version_min 10.12.0 -syslibroot /Applications/Xcode.app/Contents/Developer/Platforms/MacOSX.platform/Developer/SDKs/MacOSX10.12.sdk -o cmTC_43e23 -search_paths_first -headerpad_max_install_names -v CMakeFiles/cmTC_43e23.dir/CMakeCCompilerABI.c.o -lSystem /Applications/Xcode.app/Contents/Developer/Toolchains/XcodeDefault.xctoolchain/usr/bin/../lib/clang/8.0.0/lib/darwin/libclang_rt.osx.a
@(#)PROGRAM:ld  PROJECT:ld64-274.2
configured to support archs: armv6 armv7 armv7s arm64 i386 x86_64 x86_64h armv6m armv7k armv7m armv7em (tvOS)
Library search paths:
	/Applications/Xcode.app/Contents/Developer/Platforms/MacOSX.platform/Developer/SDKs/MacOSX10.12.sdk/usr/lib
Framework search paths:
	/Applications/Xcode.app/Contents/Developer/Platforms/MacOSX.platform/Developer/SDKs/MacOSX10.12.sdk/System/Library/Frameworks/


Parsed C implicit link information from above output:
  link line regex: [^( *|.*[/\])(ld|([^/\]+-)?ld|collect2)[^/\]*( |$)]
  ignore line: [Change Dir: /Users/charlesfoxw/Documents/ClionProjects/Project_2/fltk-1.3.4-1/build/CMakeFiles/CMakeTmp]
  ignore line: []
  ignore line: [Run Build Command:"/usr/bin/make" "cmTC_43e23/fast"]
  ignore line: [/Applications/Xcode.app/Contents/Developer/usr/bin/make -f CMakeFiles/cmTC_43e23.dir/build.make CMakeFiles/cmTC_43e23.dir/build]
  ignore line: [Building C object CMakeFiles/cmTC_43e23.dir/CMakeCCompilerABI.c.o]
  ignore line: [/Applications/Xcode.app/Contents/Developer/Toolchains/XcodeDefault.xctoolchain/usr/bin/cc    -isysroot /Applications/Xcode.app/Contents/Developer/Platforms/MacOSX.platform/Developer/SDKs/MacOSX10.12.sdk   -o CMakeFiles/cmTC_43e23.dir/CMakeCCompilerABI.c.o   -c /usr/local/Cellar/cmake/3.7.2/share/cmake/Modules/CMakeCCompilerABI.c]
  ignore line: [Linking C executable cmTC_43e23]
  ignore line: [/usr/local/Cellar/cmake/3.7.2/bin/cmake -E cmake_link_script CMakeFiles/cmTC_43e23.dir/link.txt --verbose=1]
  ignore line: [/Applications/Xcode.app/Contents/Developer/Toolchains/XcodeDefault.xctoolchain/usr/bin/cc    -isysroot /Applications/Xcode.app/Contents/Developer/Platforms/MacOSX.platform/Developer/SDKs/MacOSX10.12.sdk -Wl,-search_paths_first -Wl,-headerpad_max_install_names  -v -Wl,-v CMakeFiles/cmTC_43e23.dir/CMakeCCompilerABI.c.o  -o cmTC_43e23   ]
  ignore line: [Apple LLVM version 8.0.0 (clang-800.0.42.1)]
  ignore line: [Target: x86_64-apple-darwin16.4.0]
  ignore line: [Thread model: posix]
  ignore line: [InstalledDir: /Applications/Xcode.app/Contents/Developer/Toolchains/XcodeDefault.xctoolchain/usr/bin]
  link line: [ "/Applications/Xcode.app/Contents/Developer/Toolchains/XcodeDefault.xctoolchain/usr/bin/ld" -demangle -dynamic -arch x86_64 -macosx_version_min 10.12.0 -syslibroot /Applications/Xcode.app/Contents/Developer/Platforms/MacOSX.platform/Developer/SDKs/MacOSX10.12.sdk -o cmTC_43e23 -search_paths_first -headerpad_max_install_names -v CMakeFiles/cmTC_43e23.dir/CMakeCCompilerABI.c.o -lSystem /Applications/Xcode.app/Contents/Developer/Toolchains/XcodeDefault.xctoolchain/usr/bin/../lib/clang/8.0.0/lib/darwin/libclang_rt.osx.a]
    arg [/Applications/Xcode.app/Contents/Developer/Toolchains/XcodeDefault.xctoolchain/usr/bin/ld] ==> ignore
    arg [-demangle] ==> ignore
    arg [-dynamic] ==> ignore
    arg [-arch] ==> ignore
    arg [x86_64] ==> ignore
    arg [-macosx_version_min] ==> ignore
    arg [10.12.0] ==> ignore
    arg [-syslibroot] ==> ignore
    arg [/Applications/Xcode.app/Contents/Developer/Platforms/MacOSX.platform/Developer/SDKs/MacOSX10.12.sdk] ==> ignore
    arg [-o] ==> ignore
    arg [cmTC_43e23] ==> ignore
    arg [-search_paths_first] ==> ignore
    arg [-headerpad_max_install_names] ==> ignore
    arg [-v] ==> ignore
    arg [CMakeFiles/cmTC_43e23.dir/CMakeCCompilerABI.c.o] ==> ignore
    arg [-lSystem] ==> lib [System]
    arg [/Applications/Xcode.app/Contents/Developer/Toolchains/XcodeDefault.xctoolchain/usr/bin/../lib/clang/8.0.0/lib/darwin/libclang_rt.osx.a] ==> lib [/Applications/Xcode.app/Contents/Developer/Toolchains/XcodeDefault.xctoolchain/usr/bin/../lib/clang/8.0.0/lib/darwin/libclang_rt.osx.a]
  Library search paths: [;/Applications/Xcode.app/Contents/Developer/Platforms/MacOSX.platform/Developer/SDKs/MacOSX10.12.sdk/usr/lib]
  Framework search paths: [;/Applications/Xcode.app/Contents/Developer/Platforms/MacOSX.platform/Developer/SDKs/MacOSX10.12.sdk/System/Library/Frameworks/]
  remove lib [System]
  remove lib [/Applications/Xcode.app/Contents/Developer/Toolchains/XcodeDefault.xctoolchain/usr/bin/../lib/clang/8.0.0/lib/darwin/libclang_rt.osx.a]
  collapse library dir [/Applications/Xcode.app/Contents/Developer/Platforms/MacOSX.platform/Developer/SDKs/MacOSX10.12.sdk/usr/lib] ==> [/Applications/Xcode.app/Contents/Developer/Platforms/MacOSX.platform/Developer/SDKs/MacOSX10.12.sdk/usr/lib]
  collapse framework dir [/Applications/Xcode.app/Contents/Developer/Platforms/MacOSX.platform/Developer/SDKs/MacOSX10.12.sdk/System/Library/Frameworks/] ==> [/Applications/Xcode.app/Contents/Developer/Platforms/MacOSX.platform/Developer/SDKs/MacOSX10.12.sdk/System/Library/Frameworks]
  implicit libs: []
  implicit dirs: [/Applications/Xcode.app/Contents/Developer/Platforms/MacOSX.platform/Developer/SDKs/MacOSX10.12.sdk/usr/lib]
  implicit fwks: [/Applications/Xcode.app/Contents/Developer/Platforms/MacOSX.platform/Developer/SDKs/MacOSX10.12.sdk/System/Library/Frameworks]




Detecting C [-std=c11] compiler features compiled with the following output:
Change Dir: /Users/charlesfoxw/Documents/ClionProjects/Project_2/fltk-1.3.4-1/build/CMakeFiles/CMakeTmp

Run Build Command:"/usr/bin/make" "cmTC_3f265/fast"
/Applications/Xcode.app/Contents/Developer/usr/bin/make -f CMakeFiles/cmTC_3f265.dir/build.make CMakeFiles/cmTC_3f265.dir/build
Building C object CMakeFiles/cmTC_3f265.dir/feature_tests.c.o
/Applications/Xcode.app/Contents/Developer/Toolchains/XcodeDefault.xctoolchain/usr/bin/cc    -isysroot /Applications/Xcode.app/Contents/Developer/Platforms/MacOSX.platform/Developer/SDKs/MacOSX10.12.sdk   -std=c11 -o CMakeFiles/cmTC_3f265.dir/feature_tests.c.o   -c /Users/charlesfoxw/Documents/ClionProjects/Project_2/fltk-1.3.4-1/build/CMakeFiles/feature_tests.c
Linking C executable cmTC_3f265
/usr/local/Cellar/cmake/3.7.2/bin/cmake -E cmake_link_script CMakeFiles/cmTC_3f265.dir/link.txt --verbose=1
/Applications/Xcode.app/Contents/Developer/Toolchains/XcodeDefault.xctoolchain/usr/bin/cc    -isysroot /Applications/Xcode.app/Contents/Developer/Platforms/MacOSX.platform/Developer/SDKs/MacOSX10.12.sdk -Wl,-search_paths_first -Wl,-headerpad_max_install_names   CMakeFiles/cmTC_3f265.dir/feature_tests.c.o  -o cmTC_3f265  


    Feature record: C_FEATURE:1c_function_prototypes
    Feature record: C_FEATURE:1c_restrict
    Feature record: C_FEATURE:1c_static_assert
    Feature record: C_FEATURE:1c_variadic_macros


Detecting C [-std=c99] compiler features compiled with the following output:
Change Dir: /Users/charlesfoxw/Documents/ClionProjects/Project_2/fltk-1.3.4-1/build/CMakeFiles/CMakeTmp

Run Build Command:"/usr/bin/make" "cmTC_136ec/fast"
/Applications/Xcode.app/Contents/Developer/usr/bin/make -f CMakeFiles/cmTC_136ec.dir/build.make CMakeFiles/cmTC_136ec.dir/build
Building C object CMakeFiles/cmTC_136ec.dir/feature_tests.c.o
/Applications/Xcode.app/Contents/Developer/Toolchains/XcodeDefault.xctoolchain/usr/bin/cc    -isysroot /Applications/Xcode.app/Contents/Developer/Platforms/MacOSX.platform/Developer/SDKs/MacOSX10.12.sdk   -std=c99 -o CMakeFiles/cmTC_136ec.dir/feature_tests.c.o   -c /Users/charlesfoxw/Documents/ClionProjects/Project_2/fltk-1.3.4-1/build/CMakeFiles/feature_tests.c
Linking C executable cmTC_136ec
/usr/local/Cellar/cmake/3.7.2/bin/cmake -E cmake_link_script CMakeFiles/cmTC_136ec.dir/link.txt --verbose=1
/Applications/Xcode.app/Contents/Developer/Toolchains/XcodeDefault.xctoolchain/usr/bin/cc    -isysroot /Applications/Xcode.app/Contents/Developer/Platforms/MacOSX.platform/Developer/SDKs/MacOSX10.12.sdk -Wl,-search_paths_first -Wl,-headerpad_max_install_names   CMakeFiles/cmTC_136ec.dir/feature_tests.c.o  -o cmTC_136ec  


    Feature record: C_FEATURE:1c_function_prototypes
    Feature record: C_FEATURE:1c_restrict
    Feature record: C_FEATURE:0c_static_assert
    Feature record: C_FEATURE:1c_variadic_macros


Detecting C [-std=c90] compiler features compiled with the following output:
Change Dir: /Users/charlesfoxw/Documents/ClionProjects/Project_2/fltk-1.3.4-1/build/CMakeFiles/CMakeTmp

Run Build Command:"/usr/bin/make" "cmTC_f3634/fast"
/Applications/Xcode.app/Contents/Developer/usr/bin/make -f CMakeFiles/cmTC_f3634.dir/build.make CMakeFiles/cmTC_f3634.dir/build
Building C object CMakeFiles/cmTC_f3634.dir/feature_tests.c.o
/Applications/Xcode.app/Contents/Developer/Toolchains/XcodeDefault.xctoolchain/usr/bin/cc    -isysroot /Applications/Xcode.app/Contents/Developer/Platforms/MacOSX.platform/Developer/SDKs/MacOSX10.12.sdk   -std=c90 -o CMakeFiles/cmTC_f3634.dir/feature_tests.c.o   -c /Users/charlesfoxw/Documents/ClionProjects/Project_2/fltk-1.3.4-1/build/CMakeFiles/feature_tests.c
Linking C executable cmTC_f3634
/usr/local/Cellar/cmake/3.7.2/bin/cmake -E cmake_link_script CMakeFiles/cmTC_f3634.dir/link.txt --verbose=1
/Applications/Xcode.app/Contents/Developer/Toolchains/XcodeDefault.xctoolchain/usr/bin/cc    -isysroot /Applications/Xcode.app/Contents/Developer/Platforms/MacOSX.platform/Developer/SDKs/MacOSX10.12.sdk -Wl,-search_paths_first -Wl,-headerpad_max_install_names   CMakeFiles/cmTC_f3634.dir/feature_tests.c.o  -o cmTC_f3634  


    Feature record: C_FEATURE:1c_function_prototypes
    Feature record: C_FEATURE:0c_restrict
    Feature record: C_FEATURE:0c_static_assert
    Feature record: C_FEATURE:0c_variadic_macros
Determining if the CXX compiler works passed with the following output:
Change Dir: /Users/charlesfoxw/Documents/ClionProjects/Project_2/fltk-1.3.4-1/build/CMakeFiles/CMakeTmp

Run Build Command:"/usr/bin/make" "cmTC_b79db/fast"
/Applications/Xcode.app/Contents/Developer/usr/bin/make -f CMakeFiles/cmTC_b79db.dir/build.make CMakeFiles/cmTC_b79db.dir/build
Building CXX object CMakeFiles/cmTC_b79db.dir/testCXXCompiler.cxx.o
/Applications/Xcode.app/Contents/Developer/Toolchains/XcodeDefault.xctoolchain/usr/bin/c++     -isysroot /Applications/Xcode.app/Contents/Developer/Platforms/MacOSX.platform/Developer/SDKs/MacOSX10.12.sdk   -o CMakeFiles/cmTC_b79db.dir/testCXXCompiler.cxx.o -c /Users/charlesfoxw/Documents/ClionProjects/Project_2/fltk-1.3.4-1/build/CMakeFiles/CMakeTmp/testCXXCompiler.cxx
Linking CXX executable cmTC_b79db
/usr/local/Cellar/cmake/3.7.2/bin/cmake -E cmake_link_script CMakeFiles/cmTC_b79db.dir/link.txt --verbose=1
/Applications/Xcode.app/Contents/Developer/Toolchains/XcodeDefault.xctoolchain/usr/bin/c++     -isysroot /Applications/Xcode.app/Contents/Developer/Platforms/MacOSX.platform/Developer/SDKs/MacOSX10.12.sdk -Wl,-search_paths_first -Wl,-headerpad_max_install_names   CMakeFiles/cmTC_b79db.dir/testCXXCompiler.cxx.o  -o cmTC_b79db  


Detecting CXX compiler ABI info compiled with the following output:
Change Dir: /Users/charlesfoxw/Documents/ClionProjects/Project_2/fltk-1.3.4-1/build/CMakeFiles/CMakeTmp

Run Build Command:"/usr/bin/make" "cmTC_61553/fast"
/Applications/Xcode.app/Contents/Developer/usr/bin/make -f CMakeFiles/cmTC_61553.dir/build.make CMakeFiles/cmTC_61553.dir/build
Building CXX object CMakeFiles/cmTC_61553.dir/CMakeCXXCompilerABI.cpp.o
/Applications/Xcode.app/Contents/Developer/Toolchains/XcodeDefault.xctoolchain/usr/bin/c++     -isysroot /Applications/Xcode.app/Contents/Developer/Platforms/MacOSX.platform/Developer/SDKs/MacOSX10.12.sdk   -o CMakeFiles/cmTC_61553.dir/CMakeCXXCompilerABI.cpp.o -c /usr/local/Cellar/cmake/3.7.2/share/cmake/Modules/CMakeCXXCompilerABI.cpp
Linking CXX executable cmTC_61553
/usr/local/Cellar/cmake/3.7.2/bin/cmake -E cmake_link_script CMakeFiles/cmTC_61553.dir/link.txt --verbose=1
/Applications/Xcode.app/Contents/Developer/Toolchains/XcodeDefault.xctoolchain/usr/bin/c++     -isysroot /Applications/Xcode.app/Contents/Developer/Platforms/MacOSX.platform/Developer/SDKs/MacOSX10.12.sdk -Wl,-search_paths_first -Wl,-headerpad_max_install_names  -v -Wl,-v CMakeFiles/cmTC_61553.dir/CMakeCXXCompilerABI.cpp.o  -o cmTC_61553   
Apple LLVM version 8.0.0 (clang-800.0.42.1)
Target: x86_64-apple-darwin16.4.0
Thread model: posix
InstalledDir: /Applications/Xcode.app/Contents/Developer/Toolchains/XcodeDefault.xctoolchain/usr/bin
 "/Applications/Xcode.app/Contents/Developer/Toolchains/XcodeDefault.xctoolchain/usr/bin/ld" -demangle -dynamic -arch x86_64 -macosx_version_min 10.12.0 -syslibroot /Applications/Xcode.app/Contents/Developer/Platforms/MacOSX.platform/Developer/SDKs/MacOSX10.12.sdk -o cmTC_61553 -search_paths_first -headerpad_max_install_names -v CMakeFiles/cmTC_61553.dir/CMakeCXXCompilerABI.cpp.o -lc++ -lSystem /Applications/Xcode.app/Contents/Developer/Toolchains/XcodeDefault.xctoolchain/usr/bin/../lib/clang/8.0.0/lib/darwin/libclang_rt.osx.a
@(#)PROGRAM:ld  PROJECT:ld64-274.2
configured to support archs: armv6 armv7 armv7s arm64 i386 x86_64 x86_64h armv6m armv7k armv7m armv7em (tvOS)
Library search paths:
	/Applications/Xcode.app/Contents/Developer/Platforms/MacOSX.platform/Developer/SDKs/MacOSX10.12.sdk/usr/lib
Framework search paths:
	/Applications/Xcode.app/Contents/Developer/Platforms/MacOSX.platform/Developer/SDKs/MacOSX10.12.sdk/System/Library/Frameworks/


Parsed CXX implicit link information from above output:
  link line regex: [^( *|.*[/\])(ld|([^/\]+-)?ld|collect2)[^/\]*( |$)]
  ignore line: [Change Dir: /Users/charlesfoxw/Documents/ClionProjects/Project_2/fltk-1.3.4-1/build/CMakeFiles/CMakeTmp]
  ignore line: []
  ignore line: [Run Build Command:"/usr/bin/make" "cmTC_61553/fast"]
  ignore line: [/Applications/Xcode.app/Contents/Developer/usr/bin/make -f CMakeFiles/cmTC_61553.dir/build.make CMakeFiles/cmTC_61553.dir/build]
  ignore line: [Building CXX object CMakeFiles/cmTC_61553.dir/CMakeCXXCompilerABI.cpp.o]
  ignore line: [/Applications/Xcode.app/Contents/Developer/Toolchains/XcodeDefault.xctoolchain/usr/bin/c++     -isysroot /Applications/Xcode.app/Contents/Developer/Platforms/MacOSX.platform/Developer/SDKs/MacOSX10.12.sdk   -o CMakeFiles/cmTC_61553.dir/CMakeCXXCompilerABI.cpp.o -c /usr/local/Cellar/cmake/3.7.2/share/cmake/Modules/CMakeCXXCompilerABI.cpp]
  ignore line: [Linking CXX executable cmTC_61553]
  ignore line: [/usr/local/Cellar/cmake/3.7.2/bin/cmake -E cmake_link_script CMakeFiles/cmTC_61553.dir/link.txt --verbose=1]
  ignore line: [/Applications/Xcode.app/Contents/Developer/Toolchains/XcodeDefault.xctoolchain/usr/bin/c++     -isysroot /Applications/Xcode.app/Contents/Developer/Platforms/MacOSX.platform/Developer/SDKs/MacOSX10.12.sdk -Wl,-search_paths_first -Wl,-headerpad_max_install_names  -v -Wl,-v CMakeFiles/cmTC_61553.dir/CMakeCXXCompilerABI.cpp.o  -o cmTC_61553   ]
  ignore line: [Apple LLVM version 8.0.0 (clang-800.0.42.1)]
  ignore line: [Target: x86_64-apple-darwin16.4.0]
  ignore line: [Thread model: posix]
  ignore line: [InstalledDir: /Applications/Xcode.app/Contents/Developer/Toolchains/XcodeDefault.xctoolchain/usr/bin]
  link line: [ "/Applications/Xcode.app/Contents/Developer/Toolchains/XcodeDefault.xctoolchain/usr/bin/ld" -demangle -dynamic -arch x86_64 -macosx_version_min 10.12.0 -syslibroot /Applications/Xcode.app/Contents/Developer/Platforms/MacOSX.platform/Developer/SDKs/MacOSX10.12.sdk -o cmTC_61553 -search_paths_first -headerpad_max_install_names -v CMakeFiles/cmTC_61553.dir/CMakeCXXCompilerABI.cpp.o -lc++ -lSystem /Applications/Xcode.app/Contents/Developer/Toolchains/XcodeDefault.xctoolchain/usr/bin/../lib/clang/8.0.0/lib/darwin/libclang_rt.osx.a]
    arg [/Applications/Xcode.app/Contents/Developer/Toolchains/XcodeDefault.xctoolchain/usr/bin/ld] ==> ignore
    arg [-demangle] ==> ignore
    arg [-dynamic] ==> ignore
    arg [-arch] ==> ignore
    arg [x86_64] ==> ignore
    arg [-macosx_version_min] ==> ignore
    arg [10.12.0] ==> ignore
    arg [-syslibroot] ==> ignore
    arg [/Applications/Xcode.app/Contents/Developer/Platforms/MacOSX.platform/Developer/SDKs/MacOSX10.12.sdk] ==> ignore
    arg [-o] ==> ignore
    arg [cmTC_61553] ==> ignore
    arg [-search_paths_first] ==> ignore
    arg [-headerpad_max_install_names] ==> ignore
    arg [-v] ==> ignore
    arg [CMakeFiles/cmTC_61553.dir/CMakeCXXCompilerABI.cpp.o] ==> ignore
    arg [-lc++] ==> lib [c++]
    arg [-lSystem] ==> lib [System]
    arg [/Applications/Xcode.app/Contents/Developer/Toolchains/XcodeDefault.xctoolchain/usr/bin/../lib/clang/8.0.0/lib/darwin/libclang_rt.osx.a] ==> lib [/Applications/Xcode.app/Contents/Developer/Toolchains/XcodeDefault.xctoolchain/usr/bin/../lib/clang/8.0.0/lib/darwin/libclang_rt.osx.a]
  Library search paths: [;/Applications/Xcode.app/Contents/Developer/Platforms/MacOSX.platform/Developer/SDKs/MacOSX10.12.sdk/usr/lib]
  Framework search paths: [;/Applications/Xcode.app/Contents/Developer/Platforms/MacOSX.platform/Developer/SDKs/MacOSX10.12.sdk/System/Library/Frameworks/]
  remove lib [System]
  remove lib [/Applications/Xcode.app/Contents/Developer/Toolchains/XcodeDefault.xctoolchain/usr/bin/../lib/clang/8.0.0/lib/darwin/libclang_rt.osx.a]
  collapse library dir [/Applications/Xcode.app/Contents/Developer/Platforms/MacOSX.platform/Developer/SDKs/MacOSX10.12.sdk/usr/lib] ==> [/Applications/Xcode.app/Contents/Developer/Platforms/MacOSX.platform/Developer/SDKs/MacOSX10.12.sdk/usr/lib]
  collapse framework dir [/Applications/Xcode.app/Contents/Developer/Platforms/MacOSX.platform/Developer/SDKs/MacOSX10.12.sdk/System/Library/Frameworks/] ==> [/Applications/Xcode.app/Contents/Developer/Platforms/MacOSX.platform/Developer/SDKs/MacOSX10.12.sdk/System/Library/Frameworks]
  implicit libs: [c++]
  implicit dirs: [/Applications/Xcode.app/Contents/Developer/Platforms/MacOSX.platform/Developer/SDKs/MacOSX10.12.sdk/usr/lib]
  implicit fwks: [/Applications/Xcode.app/Contents/Developer/Platforms/MacOSX.platform/Developer/SDKs/MacOSX10.12.sdk/System/Library/Frameworks]




Detecting CXX [-std=c++14] compiler features compiled with the following output:
Change Dir: /Users/charlesfoxw/Documents/ClionProjects/Project_2/fltk-1.3.4-1/build/CMakeFiles/CMakeTmp

Run Build Command:"/usr/bin/make" "cmTC_aaee2/fast"
/Applications/Xcode.app/Contents/Developer/usr/bin/make -f CMakeFiles/cmTC_aaee2.dir/build.make CMakeFiles/cmTC_aaee2.dir/build
Building CXX object CMakeFiles/cmTC_aaee2.dir/feature_tests.cxx.o
/Applications/Xcode.app/Contents/Developer/Toolchains/XcodeDefault.xctoolchain/usr/bin/c++     -isysroot /Applications/Xcode.app/Contents/Developer/Platforms/MacOSX.platform/Developer/SDKs/MacOSX10.12.sdk   -std=c++14 -o CMakeFiles/cmTC_aaee2.dir/feature_tests.cxx.o -c /Users/charlesfoxw/Documents/ClionProjects/Project_2/fltk-1.3.4-1/build/CMakeFiles/feature_tests.cxx
Linking CXX executable cmTC_aaee2
/usr/local/Cellar/cmake/3.7.2/bin/cmake -E cmake_link_script CMakeFiles/cmTC_aaee2.dir/link.txt --verbose=1
/Applications/Xcode.app/Contents/Developer/Toolchains/XcodeDefault.xctoolchain/usr/bin/c++     -isysroot /Applications/Xcode.app/Contents/Developer/Platforms/MacOSX.platform/Developer/SDKs/MacOSX10.12.sdk -Wl,-search_paths_first -Wl,-headerpad_max_install_names   CMakeFiles/cmTC_aaee2.dir/feature_tests.cxx.o  -o cmTC_aaee2  


    Feature record: CXX_FEATURE:1cxx_aggregate_default_initializers
    Feature record: CXX_FEATURE:1cxx_alias_templates
    Feature record: CXX_FEATURE:1cxx_alignas
    Feature record: CXX_FEATURE:1cxx_alignof
    Feature record: CXX_FEATURE:1cxx_attributes
    Feature record: CXX_FEATURE:1cxx_attribute_deprecated
    Feature record: CXX_FEATURE:1cxx_auto_type
    Feature record: CXX_FEATURE:1cxx_binary_literals
    Feature record: CXX_FEATURE:1cxx_constexpr
    Feature record: CXX_FEATURE:1cxx_contextual_conversions
    Feature record: CXX_FEATURE:1cxx_decltype
    Feature record: CXX_FEATURE:1cxx_decltype_auto
    Feature record: CXX_FEATURE:1cxx_decltype_incomplete_return_types
    Feature record: CXX_FEATURE:1cxx_default_function_template_args
    Feature record: CXX_FEATURE:1cxx_defaulted_functions
    Feature record: CXX_FEATURE:1cxx_defaulted_move_initializers
    Feature record: CXX_FEATURE:1cxx_delegating_constructors
    Feature record: CXX_FEATURE:1cxx_deleted_functions
    Feature record: CXX_FEATURE:1cxx_digit_separators
    Feature record: CXX_FEATURE:1cxx_enum_forward_declarations
    Feature record: CXX_FEATURE:1cxx_explicit_conversions
    Feature record: CXX_FEATURE:1cxx_extended_friend_declarations
    Feature record: CXX_FEATURE:1cxx_extern_templates
    Feature record: CXX_FEATURE:1cxx_final
    Feature record: CXX_FEATURE:1cxx_func_identifier
    Feature record: CXX_FEATURE:1cxx_generalized_initializers
    Feature record: CXX_FEATURE:1cxx_generic_lambdas
    Feature record: CXX_FEATURE:1cxx_inheriting_constructors
    Feature record: CXX_FEATURE:1cxx_inline_namespaces
    Feature record: CXX_FEATURE:1cxx_lambdas
    Feature record: CXX_FEATURE:1cxx_lambda_init_captures
    Feature record: CXX_FEATURE:1cxx_local_type_template_args
    Feature record: CXX_FEATURE:1cxx_long_long_type
    Feature record: CXX_FEATURE:1cxx_noexcept
    Feature record: CXX_FEATURE:1cxx_nonstatic_member_init
    Feature record: CXX_FEATURE:1cxx_nullptr
    Feature record: CXX_FEATURE:1cxx_override
    Feature record: CXX_FEATURE:1cxx_range_for
    Feature record: CXX_FEATURE:1cxx_raw_string_literals
    Feature record: CXX_FEATURE:1cxx_reference_qualified_functions
    Feature record: CXX_FEATURE:1cxx_relaxed_constexpr
    Feature record: CXX_FEATURE:1cxx_return_type_deduction
    Feature record: CXX_FEATURE:1cxx_right_angle_brackets
    Feature record: CXX_FEATURE:1cxx_rvalue_references
    Feature record: CXX_FEATURE:1cxx_sizeof_member
    Feature record: CXX_FEATURE:1cxx_static_assert
    Feature record: CXX_FEATURE:1cxx_strong_enums
    Feature record: CXX_FEATURE:1cxx_template_template_parameters
    Feature record: CXX_FEATURE:1cxx_thread_local
    Feature record: CXX_FEATURE:1cxx_trailing_return_types
    Feature record: CXX_FEATURE:1cxx_unicode_literals
    Feature record: CXX_FEATURE:1cxx_uniform_initialization
    Feature record: CXX_FEATURE:1cxx_unrestricted_unions
    Feature record: CXX_FEATURE:1cxx_user_literals
    Feature record: CXX_FEATURE:1cxx_variable_templates
    Feature record: CXX_FEATURE:1cxx_variadic_macros
    Feature record: CXX_FEATURE:1cxx_variadic_templates


Detecting CXX [-std=c++11] compiler features compiled with the following output:
Change Dir: /Users/charlesfoxw/Documents/ClionProjects/Project_2/fltk-1.3.4-1/build/CMakeFiles/CMakeTmp

Run Build Command:"/usr/bin/make" "cmTC_b8cda/fast"
/Applications/Xcode.app/Contents/Developer/usr/bin/make -f CMakeFiles/cmTC_b8cda.dir/build.make CMakeFiles/cmTC_b8cda.dir/build
Building CXX object CMakeFiles/cmTC_b8cda.dir/feature_tests.cxx.o
/Applications/Xcode.app/Contents/Developer/Toolchains/XcodeDefault.xctoolchain/usr/bin/c++     -isysroot /Applications/Xcode.app/Contents/Developer/Platforms/MacOSX.platform/Developer/SDKs/MacOSX10.12.sdk   -std=c++11 -o CMakeFiles/cmTC_b8cda.dir/feature_tests.cxx.o -c /Users/charlesfoxw/Documents/ClionProjects/Project_2/fltk-1.3.4-1/build/CMakeFiles/feature_tests.cxx
Linking CXX executable cmTC_b8cda
/usr/local/Cellar/cmake/3.7.2/bin/cmake -E cmake_link_script CMakeFiles/cmTC_b8cda.dir/link.txt --verbose=1
/Applications/Xcode.app/Contents/Developer/Toolchains/XcodeDefault.xctoolchain/usr/bin/c++     -isysroot /Applications/Xcode.app/Contents/Developer/Platforms/MacOSX.platform/Developer/SDKs/MacOSX10.12.sdk -Wl,-search_paths_first -Wl,-headerpad_max_install_names   CMakeFiles/cmTC_b8cda.dir/feature_tests.cxx.o  -o cmTC_b8cda  


    Feature record: CXX_FEATURE:0cxx_aggregate_default_initializers
    Feature record: CXX_FEATURE:1cxx_alias_templates
    Feature record: CXX_FEATURE:1cxx_alignas
    Feature record: CXX_FEATURE:1cxx_alignof
    Feature record: CXX_FEATURE:1cxx_attributes
    Feature record: CXX_FEATURE:0cxx_attribute_deprecated
    Feature record: CXX_FEATURE:1cxx_auto_type
    Feature record: CXX_FEATURE:0cxx_binary_literals
    Feature record: CXX_FEATURE:1cxx_constexpr
    Feature record: CXX_FEATURE:0cxx_contextual_conversions
    Feature record: CXX_FEATURE:1cxx_decltype
    Feature record: CXX_FEATURE:0cxx_decltype_auto
    Feature record: CXX_FEATURE:1cxx_decltype_incomplete_return_types
    Feature record: CXX_FEATURE:1cxx_default_function_template_args
    Feature record: CXX_FEATURE:1cxx_defaulted_functions
    Feature record: CXX_FEATURE:1cxx_defaulted_move_initializers
    Feature record: CXX_FEATURE:1cxx_delegating_constructors
    Feature record: CXX_FEATURE:1cxx_deleted_functions
    Feature record: CXX_FEATURE:0cxx_digit_separators
    Feature record: CXX_FEATURE:1cxx_enum_forward_declarations
    Feature record: CXX_FEATURE:1cxx_explicit_conversions
    Feature record: CXX_FEATURE:1cxx_extended_friend_declarations
    Feature record: CXX_FEATURE:1cxx_extern_templates
    Feature record: CXX_FEATURE:1cxx_final
    Feature record: CXX_FEATURE:1cxx_func_identifier
    Feature record: CXX_FEATURE:1cxx_generalized_initializers
    Feature record: CXX_FEATURE:0cxx_generic_lambdas
    Feature record: CXX_FEATURE:1cxx_inheriting_constructors
    Feature record: CXX_FEATURE:1cxx_inline_namespaces
    Feature record: CXX_FEATURE:1cxx_lambdas
    Feature record: CXX_FEATURE:0cxx_lambda_init_captures
    Feature record: CXX_FEATURE:1cxx_local_type_template_args
    Feature record: CXX_FEATURE:1cxx_long_long_type
    Feature record: CXX_FEATURE:1cxx_noexcept
    Feature record: CXX_FEATURE:1cxx_nonstatic_member_init
    Feature record: CXX_FEATURE:1cxx_nullptr
    Feature record: CXX_FEATURE:1cxx_override
    Feature record: CXX_FEATURE:1cxx_range_for
    Feature record: CXX_FEATURE:1cxx_raw_string_literals
    Feature record: CXX_FEATURE:1cxx_reference_qualified_functions
    Feature record: CXX_FEATURE:0cxx_relaxed_constexpr
    Feature record: CXX_FEATURE:0cxx_return_type_deduction
    Feature record: CXX_FEATURE:1cxx_right_angle_brackets
    Feature record: CXX_FEATURE:1cxx_rvalue_references
    Feature record: CXX_FEATURE:1cxx_sizeof_member
    Feature record: CXX_FEATURE:1cxx_static_assert
    Feature record: CXX_FEATURE:1cxx_strong_enums
    Feature record: CXX_FEATURE:1cxx_template_template_parameters
    Feature record: CXX_FEATURE:1cxx_thread_local
    Feature record: CXX_FEATURE:1cxx_trailing_return_types
    Feature record: CXX_FEATURE:1cxx_unicode_literals
    Feature record: CXX_FEATURE:1cxx_uniform_initialization
    Feature record: CXX_FEATURE:1cxx_unrestricted_unions
    Feature record: CXX_FEATURE:1cxx_user_literals
    Feature record: CXX_FEATURE:0cxx_variable_templates
    Feature record: CXX_FEATURE:1cxx_variadic_macros
    Feature record: CXX_FEATURE:1cxx_variadic_templates


Detecting CXX [-std=c++98] compiler features compiled with the following output:
Change Dir: /Users/charlesfoxw/Documents/ClionProjects/Project_2/fltk-1.3.4-1/build/CMakeFiles/CMakeTmp

Run Build Command:"/usr/bin/make" "cmTC_2f976/fast"
/Applications/Xcode.app/Contents/Developer/usr/bin/make -f CMakeFiles/cmTC_2f976.dir/build.make CMakeFiles/cmTC_2f976.dir/build
Building CXX object CMakeFiles/cmTC_2f976.dir/feature_tests.cxx.o
/Applications/Xcode.app/Contents/Developer/Toolchains/XcodeDefault.xctoolchain/usr/bin/c++     -isysroot /Applications/Xcode.app/Contents/Developer/Platforms/MacOSX.platform/Developer/SDKs/MacOSX10.12.sdk   -std=c++98 -o CMakeFiles/cmTC_2f976.dir/feature_tests.cxx.o -c /Users/charlesfoxw/Documents/ClionProjects/Project_2/fltk-1.3.4-1/build/CMakeFiles/feature_tests.cxx
Linking CXX executable cmTC_2f976
/usr/local/Cellar/cmake/3.7.2/bin/cmake -E cmake_link_script CMakeFiles/cmTC_2f976.dir/link.txt --verbose=1
/Applications/Xcode.app/Contents/Developer/Toolchains/XcodeDefault.xctoolchain/usr/bin/c++     -isysroot /Applications/Xcode.app/Contents/Developer/Platforms/MacOSX.platform/Developer/SDKs/MacOSX10.12.sdk -Wl,-search_paths_first -Wl,-headerpad_max_install_names   CMakeFiles/cmTC_2f976.dir/feature_tests.cxx.o  -o cmTC_2f976  


    Feature record: CXX_FEATURE:0cxx_aggregate_default_initializers
    Feature record: CXX_FEATURE:0cxx_alias_templates
    Feature record: CXX_FEATURE:0cxx_alignas
    Feature record: CXX_FEATURE:0cxx_alignof
    Feature record: CXX_FEATURE:0cxx_attributes
    Feature record: CXX_FEATURE:0cxx_attribute_deprecated
    Feature record: CXX_FEATURE:0cxx_auto_type
    Feature record: CXX_FEATURE:0cxx_binary_literals
    Feature record: CXX_FEATURE:0cxx_constexpr
    Feature record: CXX_FEATURE:0cxx_contextual_conversions
    Feature record: CXX_FEATURE:0cxx_decltype
    Feature record: CXX_FEATURE:0cxx_decltype_auto
    Feature record: CXX_FEATURE:0cxx_decltype_incomplete_return_types
    Feature record: CXX_FEATURE:0cxx_default_function_template_args
    Feature record: CXX_FEATURE:0cxx_defaulted_functions
    Feature record: CXX_FEATURE:0cxx_defaulted_move_initializers
    Feature record: CXX_FEATURE:0cxx_delegating_constructors
    Feature record: CXX_FEATURE:0cxx_deleted_functions
    Feature record: CXX_FEATURE:0cxx_digit_separators
    Feature record: CXX_FEATURE:0cxx_enum_forward_declarations
    Feature record: CXX_FEATURE:0cxx_explicit_conversions
    Feature record: CXX_FEATURE:0cxx_extended_friend_declarations
    Feature record: CXX_FEATURE:0cxx_extern_templates
    Feature record: CXX_FEATURE:0cxx_final
    Feature record: CXX_FEATURE:0cxx_func_identifier
    Feature record: CXX_FEATURE:0cxx_generalized_initializers
    Feature record: CXX_FEATURE:0cxx_generic_lambdas
    Feature record: CXX_FEATURE:0cxx_inheriting_constructors
    Feature record: CXX_FEATURE:0cxx_inline_namespaces
    Feature record: CXX_FEATURE:0cxx_lambdas
    Feature record: CXX_FEATURE:0cxx_lambda_init_captures
    Feature record: CXX_FEATURE:0cxx_local_type_template_args
    Feature record: CXX_FEATURE:0cxx_long_long_type
    Feature record: CXX_FEATURE:0cxx_noexcept
    Feature record: CXX_FEATURE:0cxx_nonstatic_member_init
    Feature record: CXX_FEATURE:0cxx_nullptr
    Feature record: CXX_FEATURE:0cxx_override
    Feature record: CXX_FEATURE:0cxx_range_for
    Feature record: CXX_FEATURE:0cxx_raw_string_literals
    Feature record: CXX_FEATURE:0cxx_reference_qualified_functions
    Feature record: CXX_FEATURE:0cxx_relaxed_constexpr
    Feature record: CXX_FEATURE:0cxx_return_type_deduction
    Feature record: CXX_FEATURE:0cxx_right_angle_brackets
    Feature record: CXX_FEATURE:0cxx_rvalue_references
    Feature record: CXX_FEATURE:0cxx_sizeof_member
    Feature record: CXX_FEATURE:0cxx_static_assert
    Feature record: CXX_FEATURE:0cxx_strong_enums
    Feature record: CXX_FEATURE:1cxx_template_template_parameters
    Feature record: CXX_FEATURE:0cxx_thread_local
    Feature record: CXX_FEATURE:0cxx_trailing_return_types
    Feature record: CXX_FEATURE:0cxx_unicode_literals
    Feature record: CXX_FEATURE:0cxx_uniform_initialization
    Feature record: CXX_FEATURE:0cxx_unrestricted_unions
    Feature record: CXX_FEATURE:0cxx_user_literals
    Feature record: CXX_FEATURE:0cxx_variable_templates
    Feature record: CXX_FEATURE:0cxx_variadic_macros
    Feature record: CXX_FEATURE:0cxx_variadic_templates
Determining if the include file sys/types.h exists passed with the following output:
Change Dir: /Users/charlesfoxw/Documents/ClionProjects/Project_2/fltk-1.3.4-1/build/CMakeFiles/CMakeTmp

Run Build Command:"/usr/bin/make" "cmTC_c549f/fast"
/Applications/Xcode.app/Contents/Developer/usr/bin/make -f CMakeFiles/cmTC_c549f.dir/build.make CMakeFiles/cmTC_c549f.dir/build
Building C object CMakeFiles/cmTC_c549f.dir/CheckIncludeFile.c.o
/Applications/Xcode.app/Contents/Developer/Toolchains/XcodeDefault.xctoolchain/usr/bin/cc    -isysroot /Applications/Xcode.app/Contents/Developer/Platforms/MacOSX.platform/Developer/SDKs/MacOSX10.12.sdk   -o CMakeFiles/cmTC_c549f.dir/CheckIncludeFile.c.o   -c /Users/charlesfoxw/Documents/ClionProjects/Project_2/fltk-1.3.4-1/build/CMakeFiles/CMakeTmp/CheckIncludeFile.c
Linking C executable cmTC_c549f
/usr/local/Cellar/cmake/3.7.2/bin/cmake -E cmake_link_script CMakeFiles/cmTC_c549f.dir/link.txt --verbose=1
/Applications/Xcode.app/Contents/Developer/Toolchains/XcodeDefault.xctoolchain/usr/bin/cc    -isysroot /Applications/Xcode.app/Contents/Developer/Platforms/MacOSX.platform/Developer/SDKs/MacOSX10.12.sdk -Wl,-search_paths_first -Wl,-headerpad_max_install_names   CMakeFiles/cmTC_c549f.dir/CheckIncludeFile.c.o  -o cmTC_c549f  


Determining if the include file stdint.h exists passed with the following output:
Change Dir: /Users/charlesfoxw/Documents/ClionProjects/Project_2/fltk-1.3.4-1/build/CMakeFiles/CMakeTmp

Run Build Command:"/usr/bin/make" "cmTC_d22ca/fast"
/Applications/Xcode.app/Contents/Developer/usr/bin/make -f CMakeFiles/cmTC_d22ca.dir/build.make CMakeFiles/cmTC_d22ca.dir/build
Building C object CMakeFiles/cmTC_d22ca.dir/CheckIncludeFile.c.o
/Applications/Xcode.app/Contents/Developer/Toolchains/XcodeDefault.xctoolchain/usr/bin/cc    -isysroot /Applications/Xcode.app/Contents/Developer/Platforms/MacOSX.platform/Developer/SDKs/MacOSX10.12.sdk   -o CMakeFiles/cmTC_d22ca.dir/CheckIncludeFile.c.o   -c /Users/charlesfoxw/Documents/ClionProjects/Project_2/fltk-1.3.4-1/build/CMakeFiles/CMakeTmp/CheckIncludeFile.c
Linking C executable cmTC_d22ca
/usr/local/Cellar/cmake/3.7.2/bin/cmake -E cmake_link_script CMakeFiles/cmTC_d22ca.dir/link.txt --verbose=1
/Applications/Xcode.app/Contents/Developer/Toolchains/XcodeDefault.xctoolchain/usr/bin/cc    -isysroot /Applications/Xcode.app/Contents/Developer/Platforms/MacOSX.platform/Developer/SDKs/MacOSX10.12.sdk -Wl,-search_paths_first -Wl,-headerpad_max_install_names   CMakeFiles/cmTC_d22ca.dir/CheckIncludeFile.c.o  -o cmTC_d22ca  


Determining if the include file stddef.h exists passed with the following output:
Change Dir: /Users/charlesfoxw/Documents/ClionProjects/Project_2/fltk-1.3.4-1/build/CMakeFiles/CMakeTmp

Run Build Command:"/usr/bin/make" "cmTC_7e9ad/fast"
/Applications/Xcode.app/Contents/Developer/usr/bin/make -f CMakeFiles/cmTC_7e9ad.dir/build.make CMakeFiles/cmTC_7e9ad.dir/build
Building C object CMakeFiles/cmTC_7e9ad.dir/CheckIncludeFile.c.o
/Applications/Xcode.app/Contents/Developer/Toolchains/XcodeDefault.xctoolchain/usr/bin/cc    -isysroot /Applications/Xcode.app/Contents/Developer/Platforms/MacOSX.platform/Developer/SDKs/MacOSX10.12.sdk   -o CMakeFiles/cmTC_7e9ad.dir/CheckIncludeFile.c.o   -c /Users/charlesfoxw/Documents/ClionProjects/Project_2/fltk-1.3.4-1/build/CMakeFiles/CMakeTmp/CheckIncludeFile.c
Linking C executable cmTC_7e9ad
/usr/local/Cellar/cmake/3.7.2/bin/cmake -E cmake_link_script CMakeFiles/cmTC_7e9ad.dir/link.txt --verbose=1
/Applications/Xcode.app/Contents/Developer/Toolchains/XcodeDefault.xctoolchain/usr/bin/cc    -isysroot /Applications/Xcode.app/Contents/Developer/Platforms/MacOSX.platform/Developer/SDKs/MacOSX10.12.sdk -Wl,-search_paths_first -Wl,-headerpad_max_install_names   CMakeFiles/cmTC_7e9ad.dir/CheckIncludeFile.c.o  -o cmTC_7e9ad  


Determining size of unsigned short passed with the following output:
Change Dir: /Users/charlesfoxw/Documents/ClionProjects/Project_2/fltk-1.3.4-1/build/CMakeFiles/CMakeTmp

Run Build Command:"/usr/bin/make" "cmTC_2b363/fast"
/Applications/Xcode.app/Contents/Developer/usr/bin/make -f CMakeFiles/cmTC_2b363.dir/build.make CMakeFiles/cmTC_2b363.dir/build
Building C object CMakeFiles/cmTC_2b363.dir/CMAKE_SIZEOF_UNSIGNED_SHORT.c.o
/Applications/Xcode.app/Contents/Developer/Toolchains/XcodeDefault.xctoolchain/usr/bin/cc    -isysroot /Applications/Xcode.app/Contents/Developer/Platforms/MacOSX.platform/Developer/SDKs/MacOSX10.12.sdk   -o CMakeFiles/cmTC_2b363.dir/CMAKE_SIZEOF_UNSIGNED_SHORT.c.o   -c /Users/charlesfoxw/Documents/ClionProjects/Project_2/fltk-1.3.4-1/build/CMakeFiles/CheckTypeSize/CMAKE_SIZEOF_UNSIGNED_SHORT.c
Linking C executable cmTC_2b363
/usr/local/Cellar/cmake/3.7.2/bin/cmake -E cmake_link_script CMakeFiles/cmTC_2b363.dir/link.txt --verbose=1
/Applications/Xcode.app/Contents/Developer/Toolchains/XcodeDefault.xctoolchain/usr/bin/cc    -isysroot /Applications/Xcode.app/Contents/Developer/Platforms/MacOSX.platform/Developer/SDKs/MacOSX10.12.sdk -Wl,-search_paths_first -Wl,-headerpad_max_install_names   CMakeFiles/cmTC_2b363.dir/CMAKE_SIZEOF_UNSIGNED_SHORT.c.o  -o cmTC_2b363  


Determining if the system is big endian passed with the following output:
Change Dir: /Users/charlesfoxw/Documents/ClionProjects/Project_2/fltk-1.3.4-1/build/CMakeFiles/CMakeTmp

Run Build Command:"/usr/bin/make" "cmTC_24baf/fast"
/Applications/Xcode.app/Contents/Developer/usr/bin/make -f CMakeFiles/cmTC_24baf.dir/build.make CMakeFiles/cmTC_24baf.dir/build
Building C object CMakeFiles/cmTC_24baf.dir/TestEndianess.c.o
/Applications/Xcode.app/Contents/Developer/Toolchains/XcodeDefault.xctoolchain/usr/bin/cc    -isysroot /Applications/Xcode.app/Contents/Developer/Platforms/MacOSX.platform/Developer/SDKs/MacOSX10.12.sdk   -o CMakeFiles/cmTC_24baf.dir/TestEndianess.c.o   -c /Users/charlesfoxw/Documents/ClionProjects/Project_2/fltk-1.3.4-1/build/CMakeFiles/CMakeTmp/TestEndianess.c
Linking C executable cmTC_24baf
/usr/local/Cellar/cmake/3.7.2/bin/cmake -E cmake_link_script CMakeFiles/cmTC_24baf.dir/link.txt --verbose=1
/Applications/Xcode.app/Contents/Developer/Toolchains/XcodeDefault.xctoolchain/usr/bin/cc    -isysroot /Applications/Xcode.app/Contents/Developer/Platforms/MacOSX.platform/Developer/SDKs/MacOSX10.12.sdk -Wl,-search_paths_first -Wl,-headerpad_max_install_names   CMakeFiles/cmTC_24baf.dir/TestEndianess.c.o  -o cmTC_24baf  

TestEndianess.c:
/* A 16 bit integer is required. */
typedef unsigned short cmakeint16;

/* On a little endian machine, these 16bit ints will give "THIS IS LITTLE ENDIAN."
   On a big endian machine the characters will be exchanged pairwise. */
const cmakeint16 info_little[] =  {0x4854, 0x5349, 0x4920, 0x2053, 0x494c, 0x5454, 0x454c, 0x4520, 0x444e, 0x4149, 0x2e4e, 0x0000};

/* on a big endian machine, these 16bit ints will give "THIS IS BIG ENDIAN."
   On a little endian machine the characters will be exchanged pairwise. */
const cmakeint16 info_big[] =     {0x5448, 0x4953, 0x2049, 0x5320, 0x4249, 0x4720, 0x454e, 0x4449, 0x414e, 0x2e2e, 0x0000};

#ifdef __CLASSIC_C__
int main(argc, argv) int argc; char *argv[];
#else
int main(int argc, char *argv[])
#endif
{
  int require = 0;
  require += info_little[argc];
  require += info_big[argc];
  (void)argv;
  return require;
}


Determining size of short passed with the following output:
Change Dir: /Users/charlesfoxw/Documents/ClionProjects/Project_2/fltk-1.3.4-1/build/CMakeFiles/CMakeTmp

Run Build Command:"/usr/bin/make" "cmTC_bea9b/fast"
/Applications/Xcode.app/Contents/Developer/usr/bin/make -f CMakeFiles/cmTC_bea9b.dir/build.make CMakeFiles/cmTC_bea9b.dir/build
Building C object CMakeFiles/cmTC_bea9b.dir/SIZEOF_SHORT.c.o
/Applications/Xcode.app/Contents/Developer/Toolchains/XcodeDefault.xctoolchain/usr/bin/cc    -isysroot /Applications/Xcode.app/Contents/Developer/Platforms/MacOSX.platform/Developer/SDKs/MacOSX10.12.sdk   -o CMakeFiles/cmTC_bea9b.dir/SIZEOF_SHORT.c.o   -c /Users/charlesfoxw/Documents/ClionProjects/Project_2/fltk-1.3.4-1/build/CMakeFiles/CheckTypeSize/SIZEOF_SHORT.c
Linking C executable cmTC_bea9b
/usr/local/Cellar/cmake/3.7.2/bin/cmake -E cmake_link_script CMakeFiles/cmTC_bea9b.dir/link.txt --verbose=1
/Applications/Xcode.app/Contents/Developer/Toolchains/XcodeDefault.xctoolchain/usr/bin/cc    -isysroot /Applications/Xcode.app/Contents/Developer/Platforms/MacOSX.platform/Developer/SDKs/MacOSX10.12.sdk -Wl,-search_paths_first -Wl,-headerpad_max_install_names   CMakeFiles/cmTC_bea9b.dir/SIZEOF_SHORT.c.o  -o cmTC_bea9b  


Determining size of int passed with the following output:
Change Dir: /Users/charlesfoxw/Documents/ClionProjects/Project_2/fltk-1.3.4-1/build/CMakeFiles/CMakeTmp

Run Build Command:"/usr/bin/make" "cmTC_55933/fast"
/Applications/Xcode.app/Contents/Developer/usr/bin/make -f CMakeFiles/cmTC_55933.dir/build.make CMakeFiles/cmTC_55933.dir/build
Building C object CMakeFiles/cmTC_55933.dir/SIZEOF_INT.c.o
/Applications/Xcode.app/Contents/Developer/Toolchains/XcodeDefault.xctoolchain/usr/bin/cc    -isysroot /Applications/Xcode.app/Contents/Developer/Platforms/MacOSX.platform/Developer/SDKs/MacOSX10.12.sdk   -o CMakeFiles/cmTC_55933.dir/SIZEOF_INT.c.o   -c /Users/charlesfoxw/Documents/ClionProjects/Project_2/fltk-1.3.4-1/build/CMakeFiles/CheckTypeSize/SIZEOF_INT.c
Linking C executable cmTC_55933
/usr/local/Cellar/cmake/3.7.2/bin/cmake -E cmake_link_script CMakeFiles/cmTC_55933.dir/link.txt --verbose=1
/Applications/Xcode.app/Contents/Developer/Toolchains/XcodeDefault.xctoolchain/usr/bin/cc    -isysroot /Applications/Xcode.app/Contents/Developer/Platforms/MacOSX.platform/Developer/SDKs/MacOSX10.12.sdk -Wl,-search_paths_first -Wl,-headerpad_max_install_names   CMakeFiles/cmTC_55933.dir/SIZEOF_INT.c.o  -o cmTC_55933  


Determining size of long passed with the following output:
Change Dir: /Users/charlesfoxw/Documents/ClionProjects/Project_2/fltk-1.3.4-1/build/CMakeFiles/CMakeTmp

Run Build Command:"/usr/bin/make" "cmTC_171a1/fast"
/Applications/Xcode.app/Contents/Developer/usr/bin/make -f CMakeFiles/cmTC_171a1.dir/build.make CMakeFiles/cmTC_171a1.dir/build
Building C object CMakeFiles/cmTC_171a1.dir/SIZEOF_LONG.c.o
/Applications/Xcode.app/Contents/Developer/Toolchains/XcodeDefault.xctoolchain/usr/bin/cc    -isysroot /Applications/Xcode.app/Contents/Developer/Platforms/MacOSX.platform/Developer/SDKs/MacOSX10.12.sdk   -o CMakeFiles/cmTC_171a1.dir/SIZEOF_LONG.c.o   -c /Users/charlesfoxw/Documents/ClionProjects/Project_2/fltk-1.3.4-1/build/CMakeFiles/CheckTypeSize/SIZEOF_LONG.c
Linking C executable cmTC_171a1
/usr/local/Cellar/cmake/3.7.2/bin/cmake -E cmake_link_script CMakeFiles/cmTC_171a1.dir/link.txt --verbose=1
/Applications/Xcode.app/Contents/Developer/Toolchains/XcodeDefault.xctoolchain/usr/bin/cc    -isysroot /Applications/Xcode.app/Contents/Developer/Platforms/MacOSX.platform/Developer/SDKs/MacOSX10.12.sdk -Wl,-search_paths_first -Wl,-headerpad_max_install_names   CMakeFiles/cmTC_171a1.dir/SIZEOF_LONG.c.o  -o cmTC_171a1  


Determining size of long long passed with the following output:
Change Dir: /Users/charlesfoxw/Documents/ClionProjects/Project_2/fltk-1.3.4-1/build/CMakeFiles/CMakeTmp

Run Build Command:"/usr/bin/make" "cmTC_f7d36/fast"
/Applications/Xcode.app/Contents/Developer/usr/bin/make -f CMakeFiles/cmTC_f7d36.dir/build.make CMakeFiles/cmTC_f7d36.dir/build
Building C object CMakeFiles/cmTC_f7d36.dir/HAVE_LONG_LONG.c.o
/Applications/Xcode.app/Contents/Developer/Toolchains/XcodeDefault.xctoolchain/usr/bin/cc    -isysroot /Applications/Xcode.app/Contents/Developer/Platforms/MacOSX.platform/Developer/SDKs/MacOSX10.12.sdk   -o CMakeFiles/cmTC_f7d36.dir/HAVE_LONG_LONG.c.o   -c /Users/charlesfoxw/Documents/ClionProjects/Project_2/fltk-1.3.4-1/build/CMakeFiles/CheckTypeSize/HAVE_LONG_LONG.c
Linking C executable cmTC_f7d36
/usr/local/Cellar/cmake/3.7.2/bin/cmake -E cmake_link_script CMakeFiles/cmTC_f7d36.dir/link.txt --verbose=1
/Applications/Xcode.app/Contents/Developer/Toolchains/XcodeDefault.xctoolchain/usr/bin/cc    -isysroot /Applications/Xcode.app/Contents/Developer/Platforms/MacOSX.platform/Developer/SDKs/MacOSX10.12.sdk -Wl,-search_paths_first -Wl,-headerpad_max_install_names   CMakeFiles/cmTC_f7d36.dir/HAVE_LONG_LONG.c.o  -o cmTC_f7d36  


Determining if the function dlsym exists passed with the following output:
Change Dir: /Users/charlesfoxw/Documents/ClionProjects/Project_2/fltk-1.3.4-1/build/CMakeFiles/CMakeTmp

Run Build Command:"/usr/bin/make" "cmTC_27440/fast"
/Applications/Xcode.app/Contents/Developer/usr/bin/make -f CMakeFiles/cmTC_27440.dir/build.make CMakeFiles/cmTC_27440.dir/build
Building C object CMakeFiles/cmTC_27440.dir/CheckFunctionExists.c.o
/Applications/Xcode.app/Contents/Developer/Toolchains/XcodeDefault.xctoolchain/usr/bin/cc    -DCHECK_FUNCTION_EXISTS=dlsym -isysroot /Applications/Xcode.app/Contents/Developer/Platforms/MacOSX.platform/Developer/SDKs/MacOSX10.12.sdk   -o CMakeFiles/cmTC_27440.dir/CheckFunctionExists.c.o   -c /usr/local/Cellar/cmake/3.7.2/share/cmake/Modules/CheckFunctionExists.c
Linking C executable cmTC_27440
/usr/local/Cellar/cmake/3.7.2/bin/cmake -E cmake_link_script CMakeFiles/cmTC_27440.dir/link.txt --verbose=1
/Applications/Xcode.app/Contents/Developer/Toolchains/XcodeDefault.xctoolchain/usr/bin/cc   -DCHECK_FUNCTION_EXISTS=dlsym -isysroot /Applications/Xcode.app/Contents/Developer/Platforms/MacOSX.platform/Developer/SDKs/MacOSX10.12.sdk -Wl,-search_paths_first -Wl,-headerpad_max_install_names   CMakeFiles/cmTC_27440.dir/CheckFunctionExists.c.o  -o cmTC_27440  


Determining if the function localeconv exists passed with the following output:
Change Dir: /Users/charlesfoxw/Documents/ClionProjects/Project_2/fltk-1.3.4-1/build/CMakeFiles/CMakeTmp

Run Build Command:"/usr/bin/make" "cmTC_6b518/fast"
/Applications/Xcode.app/Contents/Developer/usr/bin/make -f CMakeFiles/cmTC_6b518.dir/build.make CMakeFiles/cmTC_6b518.dir/build
Building C object CMakeFiles/cmTC_6b518.dir/CheckFunctionExists.c.o
/Applications/Xcode.app/Contents/Developer/Toolchains/XcodeDefault.xctoolchain/usr/bin/cc    -DCHECK_FUNCTION_EXISTS=localeconv -isysroot /Applications/Xcode.app/Contents/Developer/Platforms/MacOSX.platform/Developer/SDKs/MacOSX10.12.sdk   -o CMakeFiles/cmTC_6b518.dir/CheckFunctionExists.c.o   -c /usr/local/Cellar/cmake/3.7.2/share/cmake/Modules/CheckFunctionExists.c
Linking C executable cmTC_6b518
/usr/local/Cellar/cmake/3.7.2/bin/cmake -E cmake_link_script CMakeFiles/cmTC_6b518.dir/link.txt --verbose=1
/Applications/Xcode.app/Contents/Developer/Toolchains/XcodeDefault.xctoolchain/usr/bin/cc   -DCHECK_FUNCTION_EXISTS=localeconv -isysroot /Applications/Xcode.app/Contents/Developer/Platforms/MacOSX.platform/Developer/SDKs/MacOSX10.12.sdk -Wl,-search_paths_first -Wl,-headerpad_max_install_names   CMakeFiles/cmTC_6b518.dir/CheckFunctionExists.c.o  -o cmTC_6b518  


Determining if the function strlcat exists passed with the following output:
Change Dir: /Users/charlesfoxw/Documents/ClionProjects/Project_2/fltk-1.3.4-1/build/CMakeFiles/CMakeTmp

Run Build Command:"/usr/bin/make" "cmTC_084d6/fast"
/Applications/Xcode.app/Contents/Developer/usr/bin/make -f CMakeFiles/cmTC_084d6.dir/build.make CMakeFiles/cmTC_084d6.dir/build
Building C object CMakeFiles/cmTC_084d6.dir/CheckFunctionExists.c.o
/Applications/Xcode.app/Contents/Developer/Toolchains/XcodeDefault.xctoolchain/usr/bin/cc    -DCHECK_FUNCTION_EXISTS=strlcat -isysroot /Applications/Xcode.app/Contents/Developer/Platforms/MacOSX.platform/Developer/SDKs/MacOSX10.12.sdk   -o CMakeFiles/cmTC_084d6.dir/CheckFunctionExists.c.o   -c /usr/local/Cellar/cmake/3.7.2/share/cmake/Modules/CheckFunctionExists.c
/usr/local/Cellar/cmake/3.7.2/share/cmake/Modules/CheckFunctionExists.c:7:3: warning: incompatible redeclaration of library function 'strlcat' [-Wincompatible-library-redeclaration]
  CHECK_FUNCTION_EXISTS();
  ^
<command line>:1:31: note: expanded from here
#define CHECK_FUNCTION_EXISTS strlcat
                              ^
/usr/local/Cellar/cmake/3.7.2/share/cmake/Modules/CheckFunctionExists.c:7:3: note: 'strlcat' is a builtin with type 'unsigned long (char *, const char *, unsigned long)'
<command line>:1:31: note: expanded from here
#define CHECK_FUNCTION_EXISTS strlcat
                              ^
1 warning generated.
Linking C executable cmTC_084d6
/usr/local/Cellar/cmake/3.7.2/bin/cmake -E cmake_link_script CMakeFiles/cmTC_084d6.dir/link.txt --verbose=1
/Applications/Xcode.app/Contents/Developer/Toolchains/XcodeDefault.xctoolchain/usr/bin/cc   -DCHECK_FUNCTION_EXISTS=strlcat -isysroot /Applications/Xcode.app/Contents/Developer/Platforms/MacOSX.platform/Developer/SDKs/MacOSX10.12.sdk -Wl,-search_paths_first -Wl,-headerpad_max_install_names   CMakeFiles/cmTC_084d6.dir/CheckFunctionExists.c.o  -o cmTC_084d6  


Determining if the function strlcpy exists passed with the following output:
Change Dir: /Users/charlesfoxw/Documents/ClionProjects/Project_2/fltk-1.3.4-1/build/CMakeFiles/CMakeTmp

Run Build Command:"/usr/bin/make" "cmTC_da6a9/fast"
/Applications/Xcode.app/Contents/Developer/usr/bin/make -f CMakeFiles/cmTC_da6a9.dir/build.make CMakeFiles/cmTC_da6a9.dir/build
Building C object CMakeFiles/cmTC_da6a9.dir/CheckFunctionExists.c.o
/Applications/Xcode.app/Contents/Developer/Toolchains/XcodeDefault.xctoolchain/usr/bin/cc    -DCHECK_FUNCTION_EXISTS=strlcpy -isysroot /Applications/Xcode.app/Contents/Developer/Platforms/MacOSX.platform/Developer/SDKs/MacOSX10.12.sdk   -o CMakeFiles/cmTC_da6a9.dir/CheckFunctionExists.c.o   -c /usr/local/Cellar/cmake/3.7.2/share/cmake/Modules/CheckFunctionExists.c
/usr/local/Cellar/cmake/3.7.2/share/cmake/Modules/CheckFunctionExists.c:7:3: warning: incompatible redeclaration of library function 'strlcpy' [-Wincompatible-library-redeclaration]
  CHECK_FUNCTION_EXISTS();
  ^
<command line>:1:31: note: expanded from here
#define CHECK_FUNCTION_EXISTS strlcpy
                              ^
/usr/local/Cellar/cmake/3.7.2/share/cmake/Modules/CheckFunctionExists.c:7:3: note: 'strlcpy' is a builtin with type 'unsigned long (char *, const char *, unsigned long)'
<command line>:1:31: note: expanded from here
#define CHECK_FUNCTION_EXISTS strlcpy
                              ^
1 warning generated.
Linking C executable cmTC_da6a9
/usr/local/Cellar/cmake/3.7.2/bin/cmake -E cmake_link_script CMakeFiles/cmTC_da6a9.dir/link.txt --verbose=1
/Applications/Xcode.app/Contents/Developer/Toolchains/XcodeDefault.xctoolchain/usr/bin/cc   -DCHECK_FUNCTION_EXISTS=strlcpy -isysroot /Applications/Xcode.app/Contents/Developer/Platforms/MacOSX.platform/Developer/SDKs/MacOSX10.12.sdk -Wl,-search_paths_first -Wl,-headerpad_max_install_names   CMakeFiles/cmTC_da6a9.dir/CheckFunctionExists.c.o  -o cmTC_da6a9  


Determining if the include file pthread.h exists passed with the following output:
Change Dir: /Users/charlesfoxw/Documents/ClionProjects/Project_2/fltk-1.3.4-1/build/CMakeFiles/CMakeTmp

Run Build Command:"/usr/bin/make" "cmTC_2597d/fast"
/Applications/Xcode.app/Contents/Developer/usr/bin/make -f CMakeFiles/cmTC_2597d.dir/build.make CMakeFiles/cmTC_2597d.dir/build
Building C object CMakeFiles/cmTC_2597d.dir/CheckIncludeFile.c.o
/Applications/Xcode.app/Contents/Developer/Toolchains/XcodeDefault.xctoolchain/usr/bin/cc   -I/Applications/Xcode.app/Contents/Developer/Platforms/MacOSX.platform/Developer/SDKs/MacOSX10.12.sdk/System/Library/Frameworks/OpenGL.framework/GL  -isysroot /Applications/Xcode.app/Contents/Developer/Platforms/MacOSX.platform/Developer/SDKs/MacOSX10.12.sdk   -o CMakeFiles/cmTC_2597d.dir/CheckIncludeFile.c.o   -c /Users/charlesfoxw/Documents/ClionProjects/Project_2/fltk-1.3.4-1/build/CMakeFiles/CMakeTmp/CheckIncludeFile.c
Linking C executable cmTC_2597d
/usr/local/Cellar/cmake/3.7.2/bin/cmake -E cmake_link_script CMakeFiles/cmTC_2597d.dir/link.txt --verbose=1
/Applications/Xcode.app/Contents/Developer/Toolchains/XcodeDefault.xctoolchain/usr/bin/cc    -isysroot /Applications/Xcode.app/Contents/Developer/Platforms/MacOSX.platform/Developer/SDKs/MacOSX10.12.sdk -Wl,-search_paths_first -Wl,-headerpad_max_install_names   CMakeFiles/cmTC_2597d.dir/CheckIncludeFile.c.o  -o cmTC_2597d  


Determining if the pthread_create exist passed with the following output:
Change Dir: /Users/charlesfoxw/Documents/ClionProjects/Project_2/fltk-1.3.4-1/build/CMakeFiles/CMakeTmp

Run Build Command:"/usr/bin/make" "cmTC_756e1/fast"
/Applications/Xcode.app/Contents/Developer/usr/bin/make -f CMakeFiles/cmTC_756e1.dir/build.make CMakeFiles/cmTC_756e1.dir/build
Building C object CMakeFiles/cmTC_756e1.dir/CheckSymbolExists.c.o
/Applications/Xcode.app/Contents/Developer/Toolchains/XcodeDefault.xctoolchain/usr/bin/cc   -I/Applications/Xcode.app/Contents/Developer/Platforms/MacOSX.platform/Developer/SDKs/MacOSX10.12.sdk/System/Library/Frameworks/OpenGL.framework/GL  -isysroot /Applications/Xcode.app/Contents/Developer/Platforms/MacOSX.platform/Developer/SDKs/MacOSX10.12.sdk   -o CMakeFiles/cmTC_756e1.dir/CheckSymbolExists.c.o   -c /Users/charlesfoxw/Documents/ClionProjects/Project_2/fltk-1.3.4-1/build/CMakeFiles/CMakeTmp/CheckSymbolExists.c
Linking C executable cmTC_756e1
/usr/local/Cellar/cmake/3.7.2/bin/cmake -E cmake_link_script CMakeFiles/cmTC_756e1.dir/link.txt --verbose=1
/Applications/Xcode.app/Contents/Developer/Toolchains/XcodeDefault.xctoolchain/usr/bin/cc    -isysroot /Applications/Xcode.app/Contents/Developer/Platforms/MacOSX.platform/Developer/SDKs/MacOSX10.12.sdk -Wl,-search_paths_first -Wl,-headerpad_max_install_names   CMakeFiles/cmTC_756e1.dir/CheckSymbolExists.c.o  -o cmTC_756e1  

File /Users/charlesfoxw/Documents/ClionProjects/Project_2/fltk-1.3.4-1/build/CMakeFiles/CMakeTmp/CheckSymbolExists.c:
/* */
#include <pthread.h>

int main(int argc, char** argv)
{
  (void)argv;
#ifndef pthread_create
  return ((int*)(&pthread_create))[argc];
#else
  (void)argc;
  return 0;
#endif
}

